{
  "stats": {
    "suites": 1,
    "tests": 1,
    "passes": 1,
    "pending": 0,
    "failures": 0,
    "start": "2023-05-27T11:55:51.384Z",
    "end": "2023-05-27T11:56:25.171Z",
    "duration": 33787,
    "testsRegistered": 1,
    "passPercent": 100,
    "pendingPercent": 0,
    "other": 0,
    "hasOther": false,
    "skipped": 0,
    "hasSkipped": false
  },
  "results": [
    {
      "uuid": "729e81c0-4db4-419c-8646-dd1fa1712218",
      "title": "",
      "fullFile": "cypress\\e2e\\Demo2.cy.ts",
      "file": "cypress\\e2e\\Demo2.cy.ts",
      "beforeHooks": [],
      "afterHooks": [],
      "tests": [],
      "suites": [
        {
          "uuid": "e4d1b50d-d343-4a1e-a089-a8266a79549f",
          "title": "Demo2_TestSuite",
          "fullFile": "",
          "file": "",
          "beforeHooks": [],
          "afterHooks": [],
          "tests": [
            {
              "title": "Demo_TestCase2",
              "fullTitle": "Demo2_TestSuite Demo_TestCase2",
              "timedOut": null,
              "duration": 1483,
              "state": "passed",
              "speed": "fast",
              "pass": true,
              "fail": false,
              "pending": false,
              "context": null,
              "code": "cy.visit(\"https://bing.com\");\ncy.title().should(\"contain\", \"Bing\");",
              "err": {},
              "uuid": "8bdb05cc-9c1d-45c4-a9a8-9c24b37b294f",
              "parentUUID": "e4d1b50d-d343-4a1e-a089-a8266a79549f",
              "isHook": false,
              "skipped": false
            }
          ],
          "suites": [],
          "passes": [
            "8bdb05cc-9c1d-45c4-a9a8-9c24b37b294f"
          ],
          "failures": [],
          "pending": [],
          "skipped": [],
          "duration": 1483,
          "root": false,
          "rootEmpty": false,
          "_timeout": 2000
        }
      ],
      "passes": [],
      "failures": [],
      "pending": [],
      "skipped": [],
      "duration": 0,
      "root": true,
      "rootEmpty": true,
      "_timeout": 2000
    }
  ],
  "meta": {
    "mocha": {
      "version": "7.0.1"
    },
    "mochawesome": {
      "options": {
        "quiet": false,
        "reportFilename": "mochawesome",
        "saveHtml": false,
        "saveJson": true,
        "consoleReporter": "spec",
        "useInlineDiffs": false,
        "code": true
      },
      "version": "7.1.3"
    },
    "marge": {
      "options": {
        "id": "default",
        "overwrite": false,
        "html": false,
        "json": true,
        "reportDir": "cypress\\reports\\html\\.jsons"
      },
      "version": "6.2.0"
    }
  }
}