{
  "stats": {
    "suites": 1,
    "tests": 1,
    "passes": 1,
    "pending": 0,
    "failures": 0,
    "start": "2023-05-27T11:55:39.799Z",
    "end": "2023-05-27T11:55:46.368Z",
    "duration": 6569,
    "testsRegistered": 1,
    "passPercent": 100,
    "pendingPercent": 0,
    "other": 0,
    "hasOther": false,
    "skipped": 0,
    "hasSkipped": false
  },
  "results": [
    {
      "uuid": "82221be2-761a-4868-a1da-ff1029c8dbec",
      "title": "",
      "fullFile": "cypress\\e2e\\Demo1.cy.ts",
      "file": "cypress\\e2e\\Demo1.cy.ts",
      "beforeHooks": [],
      "afterHooks": [],
      "tests": [],
      "suites": [
        {
          "uuid": "2c232fbb-c544-4749-a2eb-d55035769d6f",
          "title": "Demo1_TestSuite",
          "fullFile": "",
          "file": "",
          "beforeHooks": [],
          "afterHooks": [],
          "tests": [
            {
              "title": "Demo_TestCase1",
              "fullTitle": "Demo1_TestSuite Demo_TestCase1",
              "timedOut": null,
              "duration": 1819,
              "state": "passed",
              "speed": "fast",
              "pass": true,
              "fail": false,
              "pending": false,
              "context": null,
              "code": "cy.visit(\"https://blazedemo.com\");\ncy.title().should(\"contain\", \"BlazeDemo\");",
              "err": {},
              "uuid": "48519bb3-ef00-4538-af22-cb26dddaaf71",
              "parentUUID": "2c232fbb-c544-4749-a2eb-d55035769d6f",
              "isHook": false,
              "skipped": false
            }
          ],
          "suites": [],
          "passes": [
            "48519bb3-ef00-4538-af22-cb26dddaaf71"
          ],
          "failures": [],
          "pending": [],
          "skipped": [],
          "duration": 1819,
          "root": false,
          "rootEmpty": false,
          "_timeout": 2000
        }
      ],
      "passes": [],
      "failures": [],
      "pending": [],
      "skipped": [],
      "duration": 0,
      "root": true,
      "rootEmpty": true,
      "_timeout": 2000
    }
  ],
  "meta": {
    "mocha": {
      "version": "7.0.1"
    },
    "mochawesome": {
      "options": {
        "quiet": false,
        "reportFilename": "mochawesome",
        "saveHtml": false,
        "saveJson": true,
        "consoleReporter": "spec",
        "useInlineDiffs": false,
        "code": true
      },
      "version": "7.1.3"
    },
    "marge": {
      "options": {
        "id": "default",
        "overwrite": false,
        "html": false,
        "json": true,
        "reportDir": "cypress\\reports\\html\\.jsons"
      },
      "version": "6.2.0"
    }
  }
}